<?xml version="1.0" encoding="UTF-8"?>
<!-- Generated by org.testng.reporters.JUnitReportReporter -->
<testsuite name="Day1.test" tests="2" time="0.015" ignored="0" failures="0" timestamp="22 Apr 2020 15:35:42 GMT" skipped="0" hostname="dell" errors="0">
  <testcase name="testCase1" time="0.015" classname="Day1.test"/>
  <testcase name="testCase2" time="0.000" classname="Day1.test"/>
</testsuite> <!-- Day1.test -->
